[2016.04.17-12.11.13:557][  0]Log file open, 04/17/16 14:11:13
[2016.04.17-12.11.13:557][  0]LogInit:Display: Running engine for game: Networking
[2016.04.17-12.11.13:557][  0]LogPlatformFile: Not using cached read wrapper
[2016.04.17-12.11.13:557][  0]LogInit:Display: RandInit(1229969275) SRandInit(1229969277).
[2016.04.17-12.11.13:557][  0]LogTaskGraph: Started task graph with 4 named threads and 7 total threads.
[2016.04.17-12.11.13:557][  0]LogStats: Stats thread started at 0.096737
[2016.04.17-12.11.13:557][  0]LogInit: Version: 4.10.4-2872498+++depot+UE4-Releases+4.10
[2016.04.17-12.11.13:557][  0]LogInit: API Version: 2758231
[2016.04.17-12.11.13:557][  0]LogInit: Compiled (64-bit): Feb 18 2016 15:47:04
[2016.04.17-12.11.13:557][  0]LogInit: Compiled with Visual C++: 19.00.23026.00
[2016.04.17-12.11.13:557][  0]LogInit: Build Configuration: Development
[2016.04.17-12.11.13:557][  0]LogInit: Branch Name: ++depot+UE4-Releases+4.10
[2016.04.17-12.11.13:557][  0]LogInit: Command line:  /Temp/Autosaves/Game/Multiplayer/Maps/UEDPCMP_Level1 -game -PIEVIACONSOLE -ResX=1280 -ResY=720  -Multiprocess 
[2016.04.17-12.11.13:557][  0]LogInit: Base directory: C:/Program Files (x86)/Epic Games/4.10/Engine/Binaries/Win64/
[2016.04.17-12.11.13:557][  0]LogInit: Rocket: 1
[2016.04.17-12.11.13:570][  0]LogInit: Using libcurl 7.41.0
[2016.04.17-12.11.13:570][  0]LogInit:  - built for x86_64-pc-win32
[2016.04.17-12.11.13:570][  0]LogInit:  - supports SSL with WinSSL
[2016.04.17-12.11.13:570][  0]LogInit:  - other features:
[2016.04.17-12.11.13:570][  0]LogInit:      CURL_VERSION_SSL
[2016.04.17-12.11.13:570][  0]LogInit:      CURL_VERSION_IPV6
[2016.04.17-12.11.13:570][  0]LogInit:      CURL_VERSION_ASYNCHDNS
[2016.04.17-12.11.13:570][  0]LogInit:      CURL_VERSION_LARGEFILE
[2016.04.17-12.11.13:570][  0]LogInit:      CURL_VERSION_IDN
[2016.04.17-12.11.13:570][  0]LogInit:  CurlRequestOptions (configurable via config and command line):
[2016.04.17-12.11.13:570][  0]LogInit:  - bVerifyPeer = true  - Libcurl will verify peer certificate
[2016.04.17-12.11.13:570][  0]LogInit:  - bUseHttpProxy = false  - Libcurl will NOT use HTTP proxy
[2016.04.17-12.11.13:570][  0]LogInit:  - bDontReuseConnections = false  - Libcurl will reuse connections
[2016.04.17-12.11.13:570][  0]LogInit:  - CertBundlePath = nullptr  - Libcurl will use whatever was configured at build time.
[2016.04.17-12.11.13:579][  0]LogOnline:Display: STEAM: Loading Steam SDK 1.32
[2016.04.17-12.11.13:852][  0]LogInit: WinSock: version 1.1 (2.2), MaxSocks=32767, MaxUdp=65467
[2016.04.17-12.11.13:890][  0]LogInit: Presizing for 0 objects not considered by GC, pre-allocating 0 bytes.
[2016.04.17-12.11.13:899][  0]LogInit: Object subsystem initialized
[2016.04.17-12.11.13:900][  0]LogInit: Selected Device Profile: [Windows]
[2016.04.17-12.11.13:900][  0]LogInit: Applying CVar settings loaded from the selected device profile: [Windows]
[2016.04.17-12.11.13:905][  0]LogInit: Computer: RÖMISCHER-PC
[2016.04.17-12.11.13:905][  0]LogInit: User: Römischer
[2016.04.17-12.11.13:905][  0]LogInit: CPU Page size=4096, Cores=4
[2016.04.17-12.11.13:905][  0]LogInit: High frequency timer resolution =2.143613 MHz
[2016.04.17-12.11.13:905][  0]LogMemory: Memory total: Physical=7.9GB (8GB approx)
[2016.04.17-12.11.13:905][  0]LogMemory: Platform Memory Stats for Windows
[2016.04.17-12.11.13:905][  0]LogMemory: Process Physical Memory: 97.48 MB used, 99.45 MB peak
[2016.04.17-12.11.13:905][  0]LogMemory: Process Virtual Memory: 78.79 MB used, 78.79 MB peak
[2016.04.17-12.11.13:905][  0]LogMemory: Physical Memory: 3362.91 MB used, 8104.19 MB total
[2016.04.17-12.11.13:905][  0]LogMemory: Virtual Memory: 472.24 MB used, 8388608.00 MB total
[2016.04.17-12.11.13:994][  0]LogTextLocalizationManager: No specific translations for ('en-US') exist, so ('en') translations will be used.
[2016.04.17-12.11.14:590][  0]LogD3D11RHI: Found D3D11 adapter 0: NVIDIA GeForce GT 540M   (Feature Level 11_0)
[2016.04.17-12.11.14:590][  0]LogD3D11RHI: Adapter has 2000MB of dedicated video memory, 0MB of dedicated system memory, and 2047MB of shared system memory, 2 output[s]
[2016.04.17-12.11.14:615][  0]LogD3D11RHI: Found D3D11 adapter 1: NVIDIA GeForce GT 540M   (Feature Level 11_0)
[2016.04.17-12.11.14:615][  0]LogD3D11RHI: Adapter has 2000MB of dedicated video memory, 0MB of dedicated system memory, and 2047MB of shared system memory, 0 output[s]
[2016.04.17-12.11.14:615][  0]LogD3D11RHI: Chosen D3D11 Adapter Id = 0
[2016.04.17-12.11.14:625][  0]LogD3D11RHI: !Direct3DDevice
[2016.04.17-12.11.14:626][  0]LogRHI: Texture pool is 1361 MB (70% of 1945 MB)
[2016.04.17-12.11.14:648][  0]LogD3D11RHI: Async texture creation enabled
[2016.04.17-12.11.14:665][  0]LogShaderCompilers: Guid format shader working directory is -61 characters bigger than the processId version (D:/00_Studium/01_Intermedia Design/4. Semester/Spieleentwicklung/Unreal Engine/Tutorials/Networking/Networking/Intermediate/Shaders/WorkingDirectory/6540/).
[2016.04.17-12.11.14:665][  0]LogShaderCompilers: Cleaned the shader compiler working directory 'C:/Users/RMISCH~1/AppData/Local/Temp/UnrealShaderWorkingDir/C59C222047EB9761BF2FA79A34C3DD25/'.
[2016.04.17-12.11.14:665][  0]LogShaderCompilers:Display: Using Local Shader Compiler.
[2016.04.17-12.11.16:214][  0]LogTemp:Display: Loaded TP AllDesktopTargetPlatform
[2016.04.17-12.11.16:240][  0]LogTemp:Display: Loaded TP WindowsClientTargetPlatform
[2016.04.17-12.11.16:266][  0]LogTemp:Display: Loaded TP WindowsNoEditorTargetPlatform
[2016.04.17-12.11.16:291][  0]LogTemp:Display: Loaded TP WindowsServerTargetPlatform
[2016.04.17-12.11.16:315][  0]LogTemp:Display: Loaded TP WindowsTargetPlatform
[2016.04.17-12.11.16:333][  0]LogTemp:Display: Loaded TP AndroidTargetPlatform
[2016.04.17-12.11.16:350][  0]LogTemp:Display: Loaded TP Android_ASTCTargetPlatform
[2016.04.17-12.11.16:366][  0]LogTemp:Display: Loaded TP Android_ATCTargetPlatform
[2016.04.17-12.11.16:383][  0]LogTemp:Display: Loaded TP Android_DXTTargetPlatform
[2016.04.17-12.11.16:401][  0]LogTemp:Display: Loaded TP Android_ETC1TargetPlatform
[2016.04.17-12.11.16:419][  0]LogTemp:Display: Loaded TP Android_ETC2TargetPlatform
[2016.04.17-12.11.16:456][  0]LogTemp:Display: Loaded TP Android_MultiTargetPlatform
[2016.04.17-12.11.16:456][  0]LogTemp:Display: Loaded TP Android_PVRTCTargetPlatform
[2016.04.17-12.11.16:463][  0]LogTemp:Display: Loaded TP HTML5TargetPlatform
[2016.04.17-12.11.16:509][  0]LogTemp:Display: Loaded TP IOSTargetPlatform
[2016.04.17-12.11.16:527][  0]LogTemp:Display: Loaded TP LinuxNoEditorTargetPlatform
[2016.04.17-12.11.16:545][  0]LogTemp:Display: Loaded TP LinuxServerTargetPlatform
[2016.04.17-12.11.16:563][  0]LogTemp:Display: Loaded TP LinuxTargetPlatform
[2016.04.17-12.11.16:563][  0]LogTargetPlatformManager:Display: Building Assets For Windows
[2016.04.17-12.11.17:084][  0]LogDerivedDataCache:Display: Max Cache Size: 512 MB
[2016.04.17-12.11.17:270][  0]LogDerivedDataCache: Loaded boot cache 0.19s 41MB C:/Users/Römischer/AppData/Local/UnrealEngine/4.10/DerivedDataCache/Boot.ddc.
[2016.04.17-12.11.17:271][  0]LogDerivedDataCache:Display: Loaded Boot cache: C:/Users/Römischer/AppData/Local/UnrealEngine/4.10/DerivedDataCache/Boot.ddc
[2016.04.17-12.11.17:271][  0]LogDerivedDataCache: FDerivedDataBackendGraph:  Pak pak cache file D:/00_Studium/01_Intermedia Design/4. Semester/Spieleentwicklung/Unreal Engine/Tutorials/Networking/Networking/DerivedDataCache/DDC.ddp not found, will not use a pak cache.
[2016.04.17-12.11.17:271][  0]LogDerivedDataCache: Unable to find inner node Pak for hierarchical cache Hierarchy.
[2016.04.17-12.11.17:271][  0]LogDerivedDataCache: FDerivedDataBackendGraph:  CompressedPak pak cache file D:/00_Studium/01_Intermedia Design/4. Semester/Spieleentwicklung/Unreal Engine/Tutorials/Networking/Networking/DerivedDataCache/Compressed.ddp not found, will not use a pak cache.
[2016.04.17-12.11.17:271][  0]LogDerivedDataCache: Unable to find inner node CompressedPak for hierarchical cache Hierarchy.
[2016.04.17-12.11.17:554][  0]LogDerivedDataCache:Display: Pak cache opened for reading ../../../Engine/DerivedDataCache/Compressed.ddp.
[2016.04.17-12.11.17:570][  0]LogDerivedDataCache: Using Local data cache path C:/Users/Römischer/AppData/Local/UnrealEngine/Common/DerivedDataCache: Writable
[2016.04.17-12.11.19:009][  0]LogInit: Selected Device Profile: [Windows]
[2016.04.17-12.11.19:010][  0]LogContentStreaming: Texture pool size is 1000.000000MB
[2016.04.17-12.11.19:098][  0]LogMeshUtilities: No automatic mesh reduction module available
[2016.04.17-12.11.19:098][  0]LogMeshUtilities: No automatic mesh merging module available
[2016.04.17-12.11.20:517][  0]LogWindowsMoviePlayer: Unable to load movie: D:/00_Studium/01_Intermedia Design/4. Semester/Spieleentwicklung/Unreal Engine/Tutorials/Networking/Networking/Content/Movies/Default_Startup.mp4
[2016.04.17-12.11.20:729][  0]SourceControl: Info Source control is disabled
[2016.04.17-12.11.20:729][  0]SourceControl: Info Source control is disabled
[2016.04.17-12.11.20:754][  0]SourceControl: Info Source control is disabled
[2016.04.17-12.11.21:135][  0]LogObj: 27942 objects as part of root set at end of initial load.
[2016.04.17-12.11.21:135][  0]LogUObjectAllocator: 6046040 out of 0 bytes used by permanent object pool.
[2016.04.17-12.11.21:224][  0]LogEngine: Initializing Engine...
[2016.04.17-12.11.21:233][  0]LogHMD: Can't find Oculus library dev build: is proper Runtime installed? Version: 0.8.0.0
[2016.04.17-12.11.21:234][  0]LogHMD: SteamVR failed to initialize.  Err: 110
[2016.04.17-12.11.21:411][  0]LogInit: XAudio2 using 'Speakers (Realtek High Definition Audio)' : 2 channels at 48 kHz using 32 bits per sample (channel mask 0x3)
[2016.04.17-12.11.21:428][  0]LogInit: FAudioDevice initialized.
[2016.04.17-12.11.21:435][  0]LogInit: Texture streaming: Enabled
[2016.04.17-12.11.22:085][  0]LogNet: Browse: /Temp/Autosaves/Game/Multiplayer/Maps/UEDPCMP_Level1?Name=Player
[2016.04.17-12.11.22:085][  0]LogLoad: LoadMap: /Temp/Autosaves/Game/Multiplayer/Maps/UEDPCMP_Level1?Name=Player
[2016.04.17-12.11.22:114][  0]LogParticles: Destroying 0 GPU particle simulations for FXSystem 0x000000001AF07B00
[2016.04.17-12.11.22:140][  0]LogMemory: Platform Memory Stats for Windows
[2016.04.17-12.11.22:140][  0]LogMemory: Process Physical Memory: 434.52 MB used, 434.52 MB peak
[2016.04.17-12.11.22:140][  0]LogMemory: Process Virtual Memory: 475.79 MB used, 491.82 MB peak
[2016.04.17-12.11.22:140][  0]LogMemory: Physical Memory: 3658.46 MB used, 8104.19 MB total
[2016.04.17-12.11.22:140][  0]LogMemory: Virtual Memory: 1147.64 MB used, 8388608.00 MB total
[2016.04.17-12.11.22:140][  0]LogMemory: 
[2016.04.17-12.11.22:140][  0]Allocator Stats for TBB: (not implemented)
[2016.04.17-12.11.22:517][  0]LogAIModule: Creating AISystem for world MP_Level1
[2016.04.17-12.11.22:518][  0]LogWorld: Game class is 'MP_GM_C'
[2016.04.17-12.11.22:521][  0]LogWorld: Bringing World /Temp/Autosaves/Game/Multiplayer/Maps/UEDPCMP_Level1.MP_Level1 up for play (max tick rate 0) at 2016.04.17-14.11.22
[2016.04.17-12.11.22:522][  0]LogWorld: Bringing up level for play took: 0.002551
[2016.04.17-12.11.22:524][  0]LogOnline:Warning: STEAM: Can't start an online game for session (Game) that hasn't been created
[2016.04.17-12.11.22:525][  0]LogInit:Display: Game Engine Initialized.
[2016.04.17-12.11.22:776][  0]LogLoad: Full Startup: 9.63 seconds (BP compile: 0.38 seconds)
[2016.04.17-12.11.22:811][  0]LogOcInput: Can't find Oculus library dev build: is proper Runtime installed? Version: 0.8.0.0
[2016.04.17-12.11.22:948][  0]LogRenderer: Reallocating scene render targets to support 128x128 (Frame:1).
[2016.04.17-12.11.23:105][  1]LogRenderer: Reallocating scene render targets to support 1280x720 (Frame:2).
[2016.04.17-12.12.04:199][ 55]LogEngine: All Windows Closed
[2016.04.17-12.12.04:199][ 55]LogWindows: FPlatformMisc::RequestExit(0)
[2016.04.17-12.12.04:240][ 56]LogExit: Preparing to exit.
[2016.04.17-12.12.04:351][ 56]LogExit: Game engine shut down
[2016.04.17-12.12.04:538][ 56]LogParticles: Destroying 0 GPU particle simulations for FXSystem 0x000000001B02AF20
[2016.04.17-12.12.04:538][ 56]LogExit: Object subsystem successfully closed.
[2016.04.17-12.12.04:547][ 56]LogD3D11RHI: Shutdown
[2016.04.17-12.12.04:547][ 56]LogD3D11RHI: CleanupD3DDevice
[2016.04.17-12.12.04:595][ 56]LogD3D11RHI: ~FD3D11DynamicRHI
[2016.04.17-12.12.04:622][ 56]LogModuleManager: Shutting down and abandoning module AndroidDeviceDetection (118)
[2016.04.17-12.12.04:855][ 56]LogModuleManager: Shutting down and abandoning module AutomationController (117)
[2016.04.17-12.12.04:855][ 56]LogModuleManager: Shutting down and abandoning module AutomationWorker (116)
[2016.04.17-12.12.04:855][ 56]LogModuleManager: Shutting down and abandoning module CharacterAI (115)
[2016.04.17-12.12.04:855][ 56]LogModuleManager: Shutting down and abandoning module AITestSuite (114)
[2016.04.17-12.12.04:855][ 56]LogModuleManager: Shutting down and abandoning module GameplayDebugger (113)
[2016.04.17-12.12.04:855][ 56]LogModuleManager: Shutting down and abandoning module AIModule (112)
[2016.04.17-12.12.04:855][ 56]LogModuleManager: Shutting down and abandoning module MovieSceneCapture (111)
[2016.04.17-12.12.04:855][ 56]LogModuleManager: Shutting down and abandoning module GameLiveStreaming (110)
[2016.04.17-12.12.04:855][ 56]LogModuleManager: Shutting down and abandoning module StreamingPauseRendering (109)
[2016.04.17-12.12.04:855][ 56]LogModuleManager: Shutting down and abandoning module ProfilerService (108)
[2016.04.17-12.12.04:910][ 56]LogModuleManager: Shutting down and abandoning module TaskGraph (107)
[2016.04.17-12.12.04:911][ 56]LogModuleManager: Shutting down and abandoning module SlateRemote (106)
[2016.04.17-12.12.04:911][ 56]LogModuleManager: Shutting down and abandoning module SteamVRController (105)
[2016.04.17-12.12.04:911][ 56]LogModuleManager: Shutting down and abandoning module SteamVR (104)
[2016.04.17-12.12.04:911][ 56]LogModuleManager: Shutting down and abandoning module ProceduralMeshComponent (103)
[2016.04.17-12.12.04:911][ 56]LogModuleManager: Shutting down and abandoning module OculusLibrary (102)
[2016.04.17-12.12.04:911][ 56]LogModuleManager: Shutting down and abandoning module OculusInput (101)
[2016.04.17-12.12.04:911][ 56]LogModuleManager: Shutting down and abandoning module LeapMotionController (100)
[2016.04.17-12.12.04:950][ 56]LogModuleManager: Shutting down and abandoning module CustomMeshComponent (99)
[2016.04.17-12.12.04:950][ 56]LogModuleManager: Shutting down and abandoning module CableComponent (98)
[2016.04.17-12.12.04:950][ 56]LogModuleManager: Shutting down and abandoning module ArchVisCharacter (97)
[2016.04.17-12.12.04:950][ 56]LogModuleManager: Shutting down and abandoning module HTML5Networking (96)
[2016.04.17-12.12.04:950][ 56]LogModuleManager: Shutting down and abandoning module DesktopPlatform (95)
[2016.04.17-12.12.04:950][ 56]LogModuleManager: Shutting down and abandoning module DirectoryWatcher (94)
[2016.04.17-12.12.04:950][ 56]LogModuleManager: Shutting down and abandoning module HotReload (93)
[2016.04.17-12.12.04:950][ 56]LogModuleManager: Shutting down and abandoning module VisualStudioSourceCodeAccess (92)
[2016.04.17-12.12.04:950][ 56]LogModuleManager: Shutting down and abandoning module UObjectPlugin (91)
[2016.04.17-12.12.04:950][ 56]LogModuleManager: Shutting down and abandoning module SubversionSourceControl (90)
[2016.04.17-12.12.04:950][ 56]LogModuleManager: Shutting down and abandoning module SourceControl (89)
[2016.04.17-12.12.04:951][ 56]LogModuleManager: Shutting down and abandoning module PerforceSourceControl (88)
[2016.04.17-12.12.04:951][ 56]LogModuleManager: Shutting down and abandoning module UdpMessaging (87)
[2016.04.17-12.12.04:951][ 56]LogModuleManager: Shutting down and abandoning module LightPropagationVolumeRuntime (86)
[2016.04.17-12.12.04:951][ 56]LogModuleManager: Shutting down and abandoning module Paper2D (85)
[2016.04.17-12.12.04:951][ 56]LogModuleManager: Shutting down and abandoning module WindowsMoviePlayer (84)
[2016.04.17-12.12.04:957][ 56]LogModuleManager: Shutting down and abandoning module Media (83)
[2016.04.17-12.12.04:957][ 56]LogModuleManager: Shutting down and abandoning module WmfMedia (82)
[2016.04.17-12.12.04:957][ 56]LogModuleManager: Shutting down and abandoning module OnlineBlueprintSupport (81)
[2016.04.17-12.12.04:957][ 56]LogModuleManager: Shutting down and abandoning module GameplayTasksEditor (80)
[2016.04.17-12.12.04:957][ 56]LogModuleManager: Shutting down and abandoning module PropertyEditor (79)
[2016.04.17-12.12.04:957][ 56]LogModuleManager: Shutting down and abandoning module BehaviorTreeEditor (78)
[2016.04.17-12.12.04:957][ 56]LogModuleManager: Shutting down and abandoning module FunctionalTesting (77)
[2016.04.17-12.12.04:957][ 56]LogModuleManager: Shutting down and abandoning module CollisionAnalyzer (76)
[2016.04.17-12.12.04:957][ 56]LogModuleManager: Shutting down and abandoning module WorkspaceMenuStructure (75)
[2016.04.17-12.12.04:957][ 56]LogModuleManager: Shutting down and abandoning module MessageLog (74)
[2016.04.17-12.12.04:957][ 56]LogModuleManager: Shutting down and abandoning module Sequencer (73)
[2016.04.17-12.12.04:957][ 56]LogModuleManager: Shutting down and abandoning module AssetTools (72)
[2016.04.17-12.12.04:957][ 56]LogModuleManager: Shutting down and abandoning module UMGEditor (71)
[2016.04.17-12.12.04:958][ 56]LogModuleManager: Shutting down and abandoning module UMG (70)
[2016.04.17-12.12.04:958][ 56]LogModuleManager: Shutting down and abandoning module Slate (69)
[2016.04.17-12.12.04:958][ 56]LogModuleManager: Shutting down and abandoning module EditorStyle (68)
[2016.04.17-12.12.04:962][ 56]LogModuleManager: Shutting down and abandoning module SessionServices (67)
[2016.04.17-12.12.04:962][ 56]LogModuleManager: Shutting down and abandoning module SourceCodeAccess (66)
[2016.04.17-12.12.04:962][ 56]LogModuleManager: Shutting down and abandoning module HeadMountedDisplay (65)
[2016.04.17-12.12.04:962][ 56]LogModuleManager: Shutting down and abandoning module XAudio2 (64)
[2016.04.17-12.12.04:962][ 56]LogModuleManager: Shutting down and abandoning module Networking (63)
[2016.04.17-12.12.04:962][ 56]LogModuleManager: Shutting down and abandoning module Core (62)
[2016.04.17-12.12.04:962][ 56]LogModuleManager: Shutting down and abandoning module KismetCompiler (61)
[2016.04.17-12.12.04:962][ 56]LogModuleManager: Shutting down and abandoning module PhysXFormats (60)
[2016.04.17-12.12.04:962][ 56]LogModuleManager: Shutting down and abandoning module MeshUtilities (59)
[2016.04.17-12.12.04:962][ 56]LogModuleManager: Shutting down and abandoning module DerivedDataCache (58)
[2016.04.17-12.12.05:064][ 56]LogDerivedDataCache: Shutdown
[2016.04.17-12.12.05:064][ 56]LogModuleManager: Shutting down and abandoning module ShaderFormatOpenGL (57)
[2016.04.17-12.12.05:064][ 56]LogModuleManager: Shutting down and abandoning module ShaderFormatD3D (56)
[2016.04.17-12.12.05:064][ 56]LogModuleManager: Shutting down and abandoning module MetalShaderFormat (55)
[2016.04.17-12.12.05:064][ 56]LogModuleManager: Shutting down and abandoning module TextureFormatUncompressed (54)
[2016.04.17-12.12.05:064][ 56]LogModuleManager: Shutting down and abandoning module TextureFormatPVR (53)
[2016.04.17-12.12.05:064][ 56]LogModuleManager: Shutting down and abandoning module TextureFormatIntelISPCTexComp (52)
[2016.04.17-12.12.05:064][ 56]LogModuleManager: Shutting down and abandoning module TextureFormatDXT (51)
[2016.04.17-12.12.05:064][ 56]LogModuleManager: Shutting down and abandoning module ImageWrapper (50)
[2016.04.17-12.12.05:064][ 56]LogModuleManager: Shutting down and abandoning module TextureFormatASTC (49)
[2016.04.17-12.12.05:064][ 56]LogModuleManager: Shutting down and abandoning module TextureFormatAndroid (48)
[2016.04.17-12.12.05:064][ 56]LogModuleManager: Shutting down and abandoning module AudioFormatOpus (47)
[2016.04.17-12.12.05:064][ 56]LogModuleManager: Shutting down and abandoning module AudioFormatOgg (46)
[2016.04.17-12.12.05:064][ 56]LogModuleManager: Shutting down and abandoning module AudioFormatADPCM (45)
[2016.04.17-12.12.05:064][ 56]LogModuleManager: Shutting down and abandoning module LinuxTargetPlatform (44)
[2016.04.17-12.12.05:064][ 56]LogModuleManager: Shutting down and abandoning module LinuxServerTargetPlatform (43)
[2016.04.17-12.12.05:064][ 56]LogModuleManager: Shutting down and abandoning module LinuxNoEditorTargetPlatform (42)
[2016.04.17-12.12.05:064][ 56]LogModuleManager: Shutting down and abandoning module Messaging (41)
[2016.04.17-12.12.05:064][ 56]LogModuleManager: Shutting down and abandoning module IOSTargetPlatform (40)
[2016.04.17-12.12.05:064][ 56]LogModuleManager: Shutting down and abandoning module HTML5TargetPlatform (39)
[2016.04.17-12.12.05:064][ 56]LogModuleManager: Shutting down and abandoning module Android_PVRTCTargetPlatform (38)
[2016.04.17-12.12.05:064][ 56]LogModuleManager: Shutting down and abandoning module Android_MultiTargetPlatform (37)
[2016.04.17-12.12.05:064][ 56]LogModuleManager: Shutting down and abandoning module Android_ETC2TargetPlatform (36)
[2016.04.17-12.12.05:064][ 56]LogModuleManager: Shutting down and abandoning module Android_ETC1TargetPlatform (35)
[2016.04.17-12.12.05:064][ 56]LogModuleManager: Shutting down and abandoning module Android_DXTTargetPlatform (34)
[2016.04.17-12.12.05:064][ 56]LogModuleManager: Shutting down and abandoning module Android_ATCTargetPlatform (33)
[2016.04.17-12.12.05:064][ 56]LogModuleManager: Shutting down and abandoning module Android_ASTCTargetPlatform (32)
[2016.04.17-12.12.05:064][ 56]LogModuleManager: Shutting down and abandoning module AndroidTargetPlatform (31)
[2016.04.17-12.12.05:064][ 56]LogModuleManager: Shutting down and abandoning module WindowsTargetPlatform (30)
[2016.04.17-12.12.05:064][ 56]LogModuleManager: Shutting down and abandoning module WindowsServerTargetPlatform (29)
[2016.04.17-12.12.05:064][ 56]LogModuleManager: Shutting down and abandoning module WindowsNoEditorTargetPlatform (28)
[2016.04.17-12.12.05:064][ 56]LogModuleManager: Shutting down and abandoning module WindowsClientTargetPlatform (27)
[2016.04.17-12.12.05:064][ 56]LogModuleManager: Shutting down and abandoning module AllDesktopTargetPlatform (26)
[2016.04.17-12.12.05:064][ 56]LogModuleManager: Shutting down and abandoning module TargetPlatform (25)
[2016.04.17-12.12.05:064][ 56]LogModuleManager: Shutting down and abandoning module InputCore (24)
[2016.04.17-12.12.05:064][ 56]LogModuleManager: Shutting down and abandoning module Settings (23)
[2016.04.17-12.12.05:064][ 56]LogModuleManager: Shutting down and abandoning module OnlineSubsystem (19)
[2016.04.17-12.12.05:064][ 56]LogOnline:Display: STEAM: OnlineSubsystemSteam::Shutdown()
[2016.04.17-12.12.05:125][ 56]LogOnline:Display: Unloading online subsystem: STEAM
[2016.04.17-12.12.05:125][ 56]LogOnline:Display: STEAM: OnlineSubsystemSteam::Shutdown()
[2016.04.17-12.12.05:126][ 56]LogModuleManager: Shutting down and abandoning module HTTP (18)
[2016.04.17-12.12.05:126][ 56]LogModuleManager: Shutting down and abandoning module XMPP (17)
[2016.04.17-12.12.05:126][ 56]LogModuleManager: Shutting down and abandoning module OculusRift (16)
[2016.04.17-12.12.05:126][ 56]LogModuleManager: Shutting down and abandoning module ExampleDeviceProfileSelector (15)
[2016.04.17-12.12.05:126][ 56]LogModuleManager: Shutting down and abandoning module TextureCompressor (14)
[2016.04.17-12.12.05:126][ 56]LogModuleManager: Shutting down and abandoning module ShaderCore (13)
[2016.04.17-12.12.05:126][ 56]LogModuleManager: Shutting down and abandoning module Landscape (12)
[2016.04.17-12.12.05:126][ 56]LogModuleManager: Shutting down and abandoning module SlateRHIRenderer (11)
[2016.04.17-12.12.05:127][ 56]LogModuleManager: Shutting down and abandoning module OpenGLDrv (10)
[2016.04.17-12.12.05:127][ 56]LogModuleManager: Shutting down and abandoning module D3D11RHI (9)
[2016.04.17-12.12.05:127][ 56]LogModuleManager: Shutting down and abandoning module AnimGraphRuntime (8)
[2016.04.17-12.12.05:127][ 56]LogModuleManager: Shutting down and abandoning module Renderer (7)
[2016.04.17-12.12.05:127][ 56]LogModuleManager: Shutting down and abandoning module Engine (6)
[2016.04.17-12.12.05:127][ 56]LogModuleManager: Shutting down and abandoning module CoreUObject (5)
[2016.04.17-12.12.05:127][ 56]LogModuleManager: Shutting down and abandoning module NetworkFile (4)
[2016.04.17-12.12.05:127][ 56]LogModuleManager: Shutting down and abandoning module StreamingFile (3)
[2016.04.17-12.12.05:127][ 56]LogModuleManager: Shutting down and abandoning module SandboxFile (2)
[2016.04.17-12.12.05:127][ 56]LogModuleManager: Shutting down and abandoning module PakFile (1)
[2016.04.17-12.12.05:131][ 56]LogExit: Exiting.
[2016.04.17-12.12.05:135][ 56]Log file closed, 04/17/16 14:12:05
