[2016.04.19-15.46.34:924][  0]Log file open, 04/19/16 17:46:34
[2016.04.19-15.46.34:924][  0]LogInit:Display: Running engine for game: Networking
[2016.04.19-15.46.34:924][  0]LogPlatformFile: Not using cached read wrapper
[2016.04.19-15.46.34:924][  0]LogInit:Display: RandInit(-2014684533) SRandInit(-2014684531).
[2016.04.19-15.46.34:924][  0]LogTaskGraph: Started task graph with 4 named threads and 7 total threads.
[2016.04.19-15.46.34:924][  0]LogStats: Stats thread started at 0.140394
[2016.04.19-15.46.34:924][  0]LogInit: Version: 4.10.4-2872498+++depot+UE4-Releases+4.10
[2016.04.19-15.46.34:924][  0]LogInit: API Version: 2758231
[2016.04.19-15.46.34:924][  0]LogInit: Compiled (64-bit): Feb 18 2016 15:47:04
[2016.04.19-15.46.34:924][  0]LogInit: Compiled with Visual C++: 19.00.23026.00
[2016.04.19-15.46.34:924][  0]LogInit: Build Configuration: Development
[2016.04.19-15.46.34:924][  0]LogInit: Branch Name: ++depot+UE4-Releases+4.10
[2016.04.19-15.46.34:924][  0]LogInit: Command line:  /Temp/Autosaves/Game/FirstPersonBP/Maps/UEDPCFirstPersonExampleMap -game -PIEVIACONSOLE -ResX=1280 -ResY=720  -Multiprocess -featureleveles2 -faketouches 
[2016.04.19-15.46.34:924][  0]LogInit: Base directory: C:/Program Files (x86)/Epic Games/4.10/Engine/Binaries/Win64/
[2016.04.19-15.46.34:924][  0]LogInit: Rocket: 1
[2016.04.19-15.46.34:940][  0]LogInit: Using libcurl 7.41.0
[2016.04.19-15.46.34:940][  0]LogInit:  - built for x86_64-pc-win32
[2016.04.19-15.46.34:940][  0]LogInit:  - supports SSL with WinSSL
[2016.04.19-15.46.34:940][  0]LogInit:  - other features:
[2016.04.19-15.46.34:940][  0]LogInit:      CURL_VERSION_SSL
[2016.04.19-15.46.34:940][  0]LogInit:      CURL_VERSION_IPV6
[2016.04.19-15.46.34:940][  0]LogInit:      CURL_VERSION_ASYNCHDNS
[2016.04.19-15.46.34:940][  0]LogInit:      CURL_VERSION_LARGEFILE
[2016.04.19-15.46.34:940][  0]LogInit:      CURL_VERSION_IDN
[2016.04.19-15.46.34:940][  0]LogInit:  CurlRequestOptions (configurable via config and command line):
[2016.04.19-15.46.34:940][  0]LogInit:  - bVerifyPeer = true  - Libcurl will verify peer certificate
[2016.04.19-15.46.34:940][  0]LogInit:  - bUseHttpProxy = false  - Libcurl will NOT use HTTP proxy
[2016.04.19-15.46.34:940][  0]LogInit:  - bDontReuseConnections = false  - Libcurl will reuse connections
[2016.04.19-15.46.34:940][  0]LogInit:  - CertBundlePath = nullptr  - Libcurl will use whatever was configured at build time.
[2016.04.19-15.46.34:952][  0]LogOnline:Display: STEAM: Loading Steam SDK 1.32
[2016.04.19-15.46.37:029][  0]LogInit: WinSock: version 1.1 (2.2), MaxSocks=32767, MaxUdp=65467
[2016.04.19-15.46.37:526][  0]LogInit: Presizing for 0 objects not considered by GC, pre-allocating 0 bytes.
[2016.04.19-15.46.37:537][  0]LogInit: Object subsystem initialized
[2016.04.19-15.46.37:539][  0]LogInit: Selected Device Profile: [Windows]
[2016.04.19-15.46.37:539][  0]LogInit: Applying CVar settings loaded from the selected device profile: [Windows]
[2016.04.19-15.46.37:544][  0]LogInit: Computer: RÖMISCHER-PC
[2016.04.19-15.46.37:544][  0]LogInit: User: Römischer
[2016.04.19-15.46.37:544][  0]LogInit: CPU Page size=4096, Cores=4
[2016.04.19-15.46.37:544][  0]LogInit: High frequency timer resolution =2.143623 MHz
[2016.04.19-15.46.37:544][  0]LogMemory: Memory total: Physical=7.9GB (8GB approx)
[2016.04.19-15.46.37:545][  0]LogMemory: Platform Memory Stats for Windows
[2016.04.19-15.46.37:545][  0]LogMemory: Process Physical Memory: 98.18 MB used, 99.53 MB peak
[2016.04.19-15.46.37:545][  0]LogMemory: Process Virtual Memory: 79.79 MB used, 79.79 MB peak
[2016.04.19-15.46.37:545][  0]LogMemory: Physical Memory: 3320.72 MB used, 8104.29 MB total
[2016.04.19-15.46.37:545][  0]LogMemory: Virtual Memory: 472.22 MB used, 8388608.00 MB total
[2016.04.19-15.46.37:652][  0]LogTextLocalizationManager: No specific translations for ('en-US') exist, so ('en') translations will be used.
[2016.04.19-15.46.38:328][  0]LogD3D11RHI: Found D3D11 adapter 0: NVIDIA GeForce GT 540M   (Feature Level 11_0)
[2016.04.19-15.46.38:328][  0]LogD3D11RHI: Adapter has 2000MB of dedicated video memory, 0MB of dedicated system memory, and 2047MB of shared system memory, 1 output[s]
[2016.04.19-15.46.38:356][  0]LogD3D11RHI: Found D3D11 adapter 1: NVIDIA GeForce GT 540M   (Feature Level 11_0)
[2016.04.19-15.46.38:356][  0]LogD3D11RHI: Adapter has 2000MB of dedicated video memory, 0MB of dedicated system memory, and 2047MB of shared system memory, 0 output[s]
[2016.04.19-15.46.38:356][  0]LogD3D11RHI: Chosen D3D11 Adapter Id = 0
[2016.04.19-15.46.38:369][  0]LogD3D11RHI: !Direct3DDevice
[2016.04.19-15.46.38:370][  0]LogRHI: Texture pool is 1361 MB (70% of 1945 MB)
[2016.04.19-15.46.38:397][  0]LogD3D11RHI: Async texture creation enabled
[2016.04.19-15.46.38:414][  0]LogShaderCompilers: Guid format shader working directory is -61 characters bigger than the processId version (D:/00_Studium/01_Intermedia Design/4. Semester/Spieleentwicklung/Unreal Engine/Tutorials/Networking/Networking/Intermediate/Shaders/WorkingDirectory/4560/).
[2016.04.19-15.46.38:414][  0]LogShaderCompilers: Cleaned the shader compiler working directory 'C:/Users/RMISCH~1/AppData/Local/Temp/UnrealShaderWorkingDir/AFDB4B5F41089E9F57F12EB5DDC6DDB3/'.
[2016.04.19-15.46.38:414][  0]LogShaderCompilers:Display: Using Local Shader Compiler.
[2016.04.19-15.46.40:007][  0]LogTemp:Display: Loaded TP AllDesktopTargetPlatform
[2016.04.19-15.46.40:016][  0]LogTemp:Display: Loaded TP WindowsClientTargetPlatform
[2016.04.19-15.46.40:025][  0]LogTemp:Display: Loaded TP WindowsNoEditorTargetPlatform
[2016.04.19-15.46.40:035][  0]LogTemp:Display: Loaded TP WindowsServerTargetPlatform
[2016.04.19-15.46.40:044][  0]LogTemp:Display: Loaded TP WindowsTargetPlatform
[2016.04.19-15.46.40:051][  0]LogTemp:Display: Loaded TP AndroidTargetPlatform
[2016.04.19-15.46.40:057][  0]LogTemp:Display: Loaded TP Android_ASTCTargetPlatform
[2016.04.19-15.46.40:063][  0]LogTemp:Display: Loaded TP Android_ATCTargetPlatform
[2016.04.19-15.46.40:070][  0]LogTemp:Display: Loaded TP Android_DXTTargetPlatform
[2016.04.19-15.46.40:076][  0]LogTemp:Display: Loaded TP Android_ETC1TargetPlatform
[2016.04.19-15.46.40:083][  0]LogTemp:Display: Loaded TP Android_ETC2TargetPlatform
[2016.04.19-15.46.40:096][  0]LogTemp:Display: Loaded TP Android_MultiTargetPlatform
[2016.04.19-15.46.40:096][  0]LogTemp:Display: Loaded TP Android_PVRTCTargetPlatform
[2016.04.19-15.46.40:099][  0]LogTemp:Display: Loaded TP HTML5TargetPlatform
[2016.04.19-15.46.40:122][  0]LogTemp:Display: Loaded TP IOSTargetPlatform
[2016.04.19-15.46.40:128][  0]LogTemp:Display: Loaded TP LinuxNoEditorTargetPlatform
[2016.04.19-15.46.40:134][  0]LogTemp:Display: Loaded TP LinuxServerTargetPlatform
[2016.04.19-15.46.40:141][  0]LogTemp:Display: Loaded TP LinuxTargetPlatform
[2016.04.19-15.46.40:141][  0]LogTargetPlatformManager:Display: Building Assets For Windows
[2016.04.19-15.46.40:330][  0]LogDerivedDataCache:Display: Max Cache Size: 512 MB
[2016.04.19-15.46.40:404][  0]LogDerivedDataCache: Loaded boot cache 0.07s 55MB C:/Users/Römischer/AppData/Local/UnrealEngine/4.10/DerivedDataCache/Boot.ddc.
[2016.04.19-15.46.40:404][  0]LogDerivedDataCache:Display: Loaded Boot cache: C:/Users/Römischer/AppData/Local/UnrealEngine/4.10/DerivedDataCache/Boot.ddc
[2016.04.19-15.46.40:404][  0]LogDerivedDataCache: FDerivedDataBackendGraph:  Pak pak cache file D:/00_Studium/01_Intermedia Design/4. Semester/Spieleentwicklung/Unreal Engine/Tutorials/Networking/Networking/DerivedDataCache/DDC.ddp not found, will not use a pak cache.
[2016.04.19-15.46.40:404][  0]LogDerivedDataCache: Unable to find inner node Pak for hierarchical cache Hierarchy.
[2016.04.19-15.46.40:404][  0]LogDerivedDataCache: FDerivedDataBackendGraph:  CompressedPak pak cache file D:/00_Studium/01_Intermedia Design/4. Semester/Spieleentwicklung/Unreal Engine/Tutorials/Networking/Networking/DerivedDataCache/Compressed.ddp not found, will not use a pak cache.
[2016.04.19-15.46.40:404][  0]LogDerivedDataCache: Unable to find inner node CompressedPak for hierarchical cache Hierarchy.
[2016.04.19-15.46.40:496][  0]LogDerivedDataCache:Display: Pak cache opened for reading ../../../Engine/DerivedDataCache/Compressed.ddp.
[2016.04.19-15.46.40:508][  0]LogDerivedDataCache: Using Local data cache path C:/Users/Römischer/AppData/Local/UnrealEngine/Common/DerivedDataCache: Writable
[2016.04.19-15.46.41:163][  0]LogInit: Selected Device Profile: [Windows]
[2016.04.19-15.46.41:164][  0]LogContentStreaming: Texture pool size is 1000.000000MB
[2016.04.19-15.46.41:196][  0]LogMeshUtilities: No automatic mesh reduction module available
[2016.04.19-15.46.41:196][  0]LogMeshUtilities: No automatic mesh merging module available
[2016.04.19-15.46.41:322][  0]LogMaterial: Missing cached shader map for material WorldGridMaterial, compiling. Is special engine material.
[2016.04.19-15.50.03:442][  0]LogMaterial: Missing cached shader map for material DefaultDeferredDecalMaterial, compiling. 
[2016.04.19-15.50.04:133][  0]LogMaterial: Missing cached shader map for material DefaultLightFunctionMaterial, compiling. 
[2016.04.19-15.50.04:330][  0]LogMaterial: Missing cached shader map for material DefaultPostProcessMaterial, compiling. 
[2016.04.19-15.50.05:011][  0]LogMaterial: Missing cached shader map for material SkySphereMaterial, compiling. 
[2016.04.19-15.50.05:028][  0]LogMaterial: Missing cached shader map for material FloorPlaneMaterial, compiling. 
[2016.04.19-15.50.05:156][  0]LogMaterial: Missing cached shader map for material LandscapeGizmo_Mat, compiling. 
[2016.04.19-15.50.05:207][  0]LogMaterial: Missing cached shader map for material LandscapeGizmoHeight_Mat, compiling. 
[2016.04.19-15.50.05:260][  0]LogMaterial: Missing cached shader map for material SplineEditorMeshMat, compiling. 
[2016.04.19-15.50.05:307][  0]LogMaterial: Missing cached shader map for material Widget3DPassThrough, compiling. 
[2016.04.19-15.50.05:365][  0]LogMaterial: Missing cached shader map for material Widget3DPassThrough, compiling. 
[2016.04.19-15.50.05:374][  0]LogMaterial: Missing cached shader map for material Widget3DPassThrough, compiling. 
[2016.04.19-15.50.05:401][  0]LogMaterial: Missing cached shader map for material Widget3DPassThrough, compiling. 
[2016.04.19-15.50.05:437][  0]LogMaterial: Missing cached shader map for material Widget3DPassThrough, compiling. 
[2016.04.19-15.50.05:449][  0]LogMaterial: Missing cached shader map for material Widget3DPassThrough, compiling. 
[2016.04.19-15.50.05:469][  0]LogMaterial: Missing cached shader map for material MatineeCam_mat, compiling. 
[2016.04.19-15.50.05:517][  0]LogMaterial: Missing cached shader map for material HelpActorMaterial, compiling. 
[2016.04.19-15.50.05:582][  0]LogMaterial: Missing cached shader map for material DefaultTextMaterialOpaque, compiling. 
[2016.04.19-15.50.05:687][  0]LogMaterial: Missing cached shader map for material DefaultMaterial, compiling. 
[2016.04.19-15.50.11:778][  0]LogWindowsMoviePlayer: Unable to load movie: D:/00_Studium/01_Intermedia Design/4. Semester/Spieleentwicklung/Unreal Engine/Tutorials/Networking/Networking/Content/Movies/Default_Startup.mp4
[2016.04.19-15.50.12:122][  0]LogMaterial: Missing cached shader map for material DefaultSpriteMaterial, compiling. 
[2016.04.19-15.50.12:130][  0]LogMaterial: Missing cached shader map for material DefaultSpriteMaterial, compiling. 
[2016.04.19-15.50.12:671][  0]SourceControl: Info Source control is disabled
[2016.04.19-15.50.12:671][  0]SourceControl: Info Source control is disabled
[2016.04.19-15.50.12:763][  0]SourceControl: Info Source control is disabled
[2016.04.19-15.50.13:842][  0]LogMaterial: Missing cached shader map for material LM_HandColor, compiling. 
[2016.04.19-15.50.13:880][  0]LogMaterial: Missing cached shader map for material LM_PassthroughMaterial, compiling. 
[2016.04.19-15.50.14:991][  0]LogObj: 27942 objects as part of root set at end of initial load.
[2016.04.19-15.50.14:991][  0]LogUObjectAllocator: 6046032 out of 0 bytes used by permanent object pool.
[2016.04.19-15.50.15:671][  0]LogMaterial: Missing cached shader map for material HighResScreenshot, compiling. 
[2016.04.19-15.50.15:681][  0]LogMaterial: Missing cached shader map for material HighResScreenshotMask, compiling. 
[2016.04.19-15.50.15:699][  0]LogMaterial: Missing cached shader map for material HighResScreenshotCaptureRegion, compiling. 
[2016.04.19-15.50.15:754][  0]LogEngine: Initializing Engine...
[2016.04.19-15.50.15:771][  0]LogHMD: Can't find Oculus library dev build: is proper Runtime installed? Version: 0.8.0.0
[2016.04.19-15.50.15:963][  0]LogHMD: SteamVR failed to initialize.  Err: 110
[2016.04.19-15.50.16:011][  0]LogMaterial: Missing cached shader map for material WireframeMaterial, compiling. Is special engine material.
[2016.04.19-15.50.16:093][  0]LogMaterial: Missing cached shader map for material LevelColorationLitMaterial, compiling. Is special engine material.
[2016.04.19-15.50.16:351][  0]LogMaterial: Missing cached shader map for material LevelColorationUnlitMaterial, compiling. Is special engine material.
[2016.04.19-15.50.16:389][  0]LogMaterial: Missing cached shader map for material MAT_LevelColorationLitLightmapUV, compiling. Is special engine material.
[2016.04.19-15.50.16:408][  0]LogMaterial:Warning: Failed to compile Material /Engine/EngineDebugMaterials/MAT_LevelColorationLitLightmapUV.MAT_LevelColorationLitLightmapUV for platform PCD3D_ES2, Default Material will be used in game.
[2016.04.19-15.50.16:408][  0]LogMaterial:Warning: 	(Node LightmapUVs) Node not supported in feature level ES2
[2016.04.19-15.50.16:419][  0]LogMaterial: Missing cached shader map for material ShadedLevelColorationLitMaterial, compiling. Is special engine material.
[2016.04.19-15.50.16:698][  0]LogMaterial: Missing cached shader map for material ShadedLevelColorationUnlitMateri, compiling. Is special engine material.
[2016.04.19-15.50.16:727][  0]LogMaterial: Missing cached shader map for material VertexColorMaterial, compiling. 
[2016.04.19-15.50.16:778][  0]LogMaterial: Missing cached shader map for material VertexColorViewMode_ColorOnly, compiling. 
[2016.04.19-15.50.16:816][  0]LogMaterial: Missing cached shader map for material VertexColorViewMode_AlphaAsColor, compiling. 
[2016.04.19-15.50.16:827][  0]LogMaterial: Missing cached shader map for material VertexColorViewMode_RedOnly, compiling. 
[2016.04.19-15.50.16:838][  0]LogMaterial: Missing cached shader map for material VertexColorViewMode_GreenOnly, compiling. 
[2016.04.19-15.50.16:860][  0]LogMaterial: Missing cached shader map for material VertexColorViewMode_BlueOnly, compiling. 
[2016.04.19-15.50.16:872][  0]LogMaterial: Missing cached shader map for material RemoveSurfaceMaterial, compiling. 
[2016.04.19-15.50.16:880][  0]LogMaterial: Missing cached shader map for material DebugMeshMaterial, compiling. 
[2016.04.19-15.50.16:894][  0]LogMaterial: Missing cached shader map for material M_InvalidLightmapSettings, compiling. 
[2016.04.19-15.50.16:925][  0]LogMaterial: Missing cached shader map for material GizmoMaterial, compiling. 
[2016.04.19-15.50.17:053][  0]LogInit: XAudio2 using 'Speakers (Realtek High Definition Audio)' : 2 channels at 48 kHz using 32 bits per sample (channel mask 0x3)
[2016.04.19-15.50.17:409][  0]LogInit: FAudioDevice initialized.
[2016.04.19-15.50.17:420][  0]LogInit: Texture streaming: Enabled
[2016.04.19-15.50.17:481][  0]LogMaterial: Missing cached shader map for material BaseColor, compiling. 
[2016.04.19-15.50.17:491][  0]LogMaterial: Missing cached shader map for material CustomDepth, compiling. 
[2016.04.19-15.50.17:508][  0]LogMaterial: Missing cached shader map for material CustomStencil, compiling. 
[2016.04.19-15.50.17:509][  0]LogMaterial:Warning: Failed to compile Material /Engine/BufferVisualization/CustomStencil.CustomStencil for platform PCD3D_ES2, Default Material will be used in game.
[2016.04.19-15.50.17:509][  0]LogMaterial:Warning: 	(Node SceneTexture) Node not supported in feature level ES2
[2016.04.19-15.50.17:532][  0]LogMaterial: Missing cached shader map for material DecalMask, compiling. 
[2016.04.19-15.50.17:541][  0]LogMaterial: Missing cached shader map for material FinalImage, compiling. 
[2016.04.19-15.50.17:551][  0]LogMaterial: Missing cached shader map for material LightingModel, compiling. 
[2016.04.19-15.50.17:560][  0]LogMaterial: Missing cached shader map for material MaterialAO, compiling. 
[2016.04.19-15.50.17:569][  0]LogMaterial: Missing cached shader map for material Metallic, compiling. 
[2016.04.19-15.50.17:578][  0]LogMaterial: Missing cached shader map for material Opacity, compiling. 
[2016.04.19-15.50.17:587][  0]LogMaterial: Missing cached shader map for material Roughness, compiling. 
[2016.04.19-15.50.17:612][  0]LogMaterial: Missing cached shader map for material SceneColor, compiling. 
[2016.04.19-15.50.17:622][  0]LogMaterial: Missing cached shader map for material SceneDepth, compiling. 
[2016.04.19-15.50.17:631][  0]LogMaterial: Missing cached shader map for material SeparateTranslucencyRGB, compiling. 
[2016.04.19-15.50.17:641][  0]LogMaterial: Missing cached shader map for material SeparateTranslucencyA, compiling. 
[2016.04.19-15.50.17:652][  0]LogMaterial: Missing cached shader map for material Specular, compiling. 
[2016.04.19-15.50.17:662][  0]LogMaterial: Missing cached shader map for material SubsurfaceColor, compiling. 
[2016.04.19-15.50.17:672][  0]LogMaterial: Missing cached shader map for material WorldNormal, compiling. 
[2016.04.19-15.50.17:683][  0]LogMaterial: Missing cached shader map for material AmbientOcclusion, compiling. 
[2016.04.19-15.50.17:696][  0]LogMaterial: Missing cached shader map for material CustomDepthWorldUnits, compiling. 
[2016.04.19-15.50.17:708][  0]LogMaterial: Missing cached shader map for material SceneDepthWorldUnits, compiling. 
[2016.04.19-15.50.22:806][  0]LogNet: Browse: /Temp/Autosaves/Game/FirstPersonBP/Maps/UEDPCFirstPersonExampleMap?Name=Player
[2016.04.19-15.50.22:807][  0]LogLoad: LoadMap: /Temp/Autosaves/Game/FirstPersonBP/Maps/UEDPCFirstPersonExampleMap?Name=Player
[2016.04.19-15.50.23:501][  0]LogParticles: Destroying 0 GPU particle simulations for FXSystem 0x000000001C2B2480
[2016.04.19-15.50.24:173][  0]LogMemory: Platform Memory Stats for Windows
[2016.04.19-15.50.24:173][  0]LogMemory: Process Physical Memory: 635.89 MB used, 635.89 MB peak
[2016.04.19-15.50.24:173][  0]LogMemory: Process Virtual Memory: 642.05 MB used, 642.05 MB peak
[2016.04.19-15.50.24:173][  0]LogMemory: Physical Memory: 4336.29 MB used, 8104.29 MB total
[2016.04.19-15.50.24:173][  0]LogMemory: Virtual Memory: 1324.84 MB used, 8388608.00 MB total
[2016.04.19-15.50.24:198][  0]LogMemory: 
[2016.04.19-15.50.24:198][  0]Allocator Stats for TBB: (not implemented)
[2016.04.19-15.50.24:409][  0]LogLinker:Warning: Asset 'D:/00_Studium/01_Intermedia Design/4. Semester/Spieleentwicklung/Unreal Engine/Tutorials/Networking/Networking/Content/FirstPerson/Meshes/FirstPersonProjectileMesh.uasset' has been saved with empty engine version. The asset will be loaded but may be incompatible.
[2016.04.19-15.50.24:669][  0]LogLinker:Warning: CreateImport: Failed to load Outer for resource 'Arrow': FirstPersonCharacter_C /Game/FirstPersonBP/Blueprints/FirstPersonCharacter.Default__FirstPersonCharacter_C
[2016.04.19-15.50.26:777][  0]LogMaterial: Missing cached shader map for material BaseMaterial, compiling. 
[2016.04.19-15.50.26:911][  0]LogMaterial: Missing cached shader map for material AntiAliasedTextMaterialTranslucent, compiling. 
[2016.04.19-15.50.28:795][  0]LogMaterial: Missing cached shader map for material M_Sky_Panning_Clouds2, compiling. 
[2016.04.19-15.50.29:082][  0]LogMaterial: Missing cached shader map for material M_UE4Man_Body, compiling. 
[2016.04.19-15.50.29:142][  0]LogMaterial: Missing cached shader map for material CubeMaterial, compiling. 
[2016.04.19-15.50.29:185][  0]LogMaterial: Missing cached shader map for material M_FPGun, compiling. 
[2016.04.19-15.50.29:387][  0]LogAIModule: Creating AISystem for world FirstPersonExampleMap
[2016.04.19-15.50.29:410][  0]LogLinker:Warning: Asset 'D:/00_Studium/01_Intermedia Design/4. Semester/Spieleentwicklung/Unreal Engine/Tutorials/Networking/Networking/Content/FirstPersonBP/Blueprints/FirstPersonHUD.uasset' has been saved with empty engine version. The asset will be loaded but may be incompatible.
[2016.04.19-15.50.29:522][  0]LogWorld: Game class is 'FirstPersonGameMode_C'
[2016.04.19-15.50.29:536][  0]LogWorld: Bringing World /Temp/Autosaves/Game/FirstPersonBP/Maps/UEDPCFirstPersonExampleMap.FirstPersonExampleMap up for play (max tick rate 0) at 2016.04.19-17.50.29
[2016.04.19-15.50.29:876][  0]LogWorld: Bringing up level for play took: 0.349691
[2016.04.19-15.50.30:624][  0]LogOnline:Warning: STEAM: Can't start an online game for session (Game) that hasn't been created
[2016.04.19-15.50.30:734][  0]LogInit:Display: Game Engine Initialized.
[2016.04.19-15.50.31:094][  0]LogLoad: Full Startup: 236.77 seconds (BP compile: 1.57 seconds)
[2016.04.19-15.50.31:153][  0]LogOcInput: Can't find Oculus library dev build: is proper Runtime installed? Version: 0.8.0.0
[2016.04.19-15.50.31:738][  1]LogRenderer: Reallocating scene render targets to support 1280x720 (Frame:2).
[2016.04.19-15.51.10:510][257]LogEngine: All Windows Closed
[2016.04.19-15.51.10:510][257]LogWindows: FPlatformMisc::RequestExit(0)
[2016.04.19-15.51.11:055][258]LogExit: Preparing to exit.
[2016.04.19-15.51.11:813][258]LogExit: Game engine shut down
[2016.04.19-15.51.14:189][258]LogParticles: Destroying 0 GPU particle simulations for FXSystem 0x000000003E573D80
[2016.04.19-15.51.14:189][258]LogExit: Object subsystem successfully closed.
[2016.04.19-15.51.14:858][258]LogD3D11RHI: Shutdown
[2016.04.19-15.51.14:858][258]LogD3D11RHI: CleanupD3DDevice
[2016.04.19-15.51.15:098][258]LogD3D11RHI: ~FD3D11DynamicRHI
[2016.04.19-15.51.15:599][258]LogModuleManager: Shutting down and abandoning module AndroidDeviceDetection (118)
[2016.04.19-15.51.16:284][258]LogModuleManager: Shutting down and abandoning module AutomationController (117)
[2016.04.19-15.51.16:302][258]LogModuleManager: Shutting down and abandoning module AutomationWorker (116)
[2016.04.19-15.51.16:302][258]LogModuleManager: Shutting down and abandoning module CharacterAI (115)
[2016.04.19-15.51.16:302][258]LogModuleManager: Shutting down and abandoning module AITestSuite (114)
[2016.04.19-15.51.16:348][258]LogModuleManager: Shutting down and abandoning module GameplayDebugger (113)
[2016.04.19-15.51.16:356][258]LogModuleManager: Shutting down and abandoning module AIModule (112)
[2016.04.19-15.51.16:356][258]LogModuleManager: Shutting down and abandoning module MovieSceneCapture (111)
[2016.04.19-15.51.16:357][258]LogModuleManager: Shutting down and abandoning module GameLiveStreaming (110)
[2016.04.19-15.51.16:357][258]LogModuleManager: Shutting down and abandoning module StreamingPauseRendering (109)
[2016.04.19-15.51.16:357][258]LogModuleManager: Shutting down and abandoning module ProfilerService (108)
[2016.04.19-15.51.16:440][258]LogModuleManager: Shutting down and abandoning module TaskGraph (107)
[2016.04.19-15.51.16:470][258]LogModuleManager: Shutting down and abandoning module SlateRemote (106)
[2016.04.19-15.51.16:483][258]LogModuleManager: Shutting down and abandoning module SteamVRController (105)
[2016.04.19-15.51.16:483][258]LogModuleManager: Shutting down and abandoning module SteamVR (104)
[2016.04.19-15.51.16:483][258]LogModuleManager: Shutting down and abandoning module ProceduralMeshComponent (103)
[2016.04.19-15.51.16:483][258]LogModuleManager: Shutting down and abandoning module OculusLibrary (102)
[2016.04.19-15.51.16:483][258]LogModuleManager: Shutting down and abandoning module OculusInput (101)
[2016.04.19-15.51.16:483][258]LogModuleManager: Shutting down and abandoning module LeapMotionController (100)
[2016.04.19-15.51.16:566][258]LogModuleManager: Shutting down and abandoning module CustomMeshComponent (99)
[2016.04.19-15.51.16:566][258]LogModuleManager: Shutting down and abandoning module CableComponent (98)
[2016.04.19-15.51.16:577][258]LogModuleManager: Shutting down and abandoning module ArchVisCharacter (97)
[2016.04.19-15.51.16:577][258]LogModuleManager: Shutting down and abandoning module HTML5Networking (96)
[2016.04.19-15.51.16:577][258]LogModuleManager: Shutting down and abandoning module DesktopPlatform (95)
[2016.04.19-15.51.16:590][258]LogModuleManager: Shutting down and abandoning module DirectoryWatcher (94)
[2016.04.19-15.51.16:590][258]LogModuleManager: Shutting down and abandoning module HotReload (93)
[2016.04.19-15.51.16:605][258]LogModuleManager: Shutting down and abandoning module VisualStudioSourceCodeAccess (92)
[2016.04.19-15.51.16:605][258]LogModuleManager: Shutting down and abandoning module UObjectPlugin (91)
[2016.04.19-15.51.16:605][258]LogModuleManager: Shutting down and abandoning module SubversionSourceControl (90)
[2016.04.19-15.51.16:620][258]LogModuleManager: Shutting down and abandoning module SourceControl (89)
[2016.04.19-15.51.16:630][258]LogModuleManager: Shutting down and abandoning module PerforceSourceControl (88)
[2016.04.19-15.51.16:648][258]LogModuleManager: Shutting down and abandoning module UdpMessaging (87)
[2016.04.19-15.51.16:648][258]LogModuleManager: Shutting down and abandoning module LightPropagationVolumeRuntime (86)
[2016.04.19-15.51.16:648][258]LogModuleManager: Shutting down and abandoning module Paper2D (85)
[2016.04.19-15.51.16:657][258]LogModuleManager: Shutting down and abandoning module WindowsMoviePlayer (84)
[2016.04.19-15.51.16:658][258]LogModuleManager: Shutting down and abandoning module Media (83)
[2016.04.19-15.51.16:658][258]LogModuleManager: Shutting down and abandoning module WmfMedia (82)
[2016.04.19-15.51.16:669][258]LogModuleManager: Shutting down and abandoning module OnlineBlueprintSupport (81)
[2016.04.19-15.51.16:669][258]LogModuleManager: Shutting down and abandoning module GameplayTasksEditor (80)
[2016.04.19-15.51.16:669][258]LogModuleManager: Shutting down and abandoning module PropertyEditor (79)
[2016.04.19-15.51.16:669][258]LogModuleManager: Shutting down and abandoning module BehaviorTreeEditor (78)
[2016.04.19-15.51.16:714][258]LogModuleManager: Shutting down and abandoning module FunctionalTesting (77)
[2016.04.19-15.51.16:714][258]LogModuleManager: Shutting down and abandoning module CollisionAnalyzer (76)
[2016.04.19-15.51.16:732][258]LogModuleManager: Shutting down and abandoning module WorkspaceMenuStructure (75)
[2016.04.19-15.51.16:732][258]LogModuleManager: Shutting down and abandoning module MessageLog (74)
[2016.04.19-15.51.16:732][258]LogModuleManager: Shutting down and abandoning module Sequencer (73)
[2016.04.19-15.51.16:779][258]LogModuleManager: Shutting down and abandoning module AssetTools (72)
[2016.04.19-15.51.16:846][258]LogModuleManager: Shutting down and abandoning module UMGEditor (71)
[2016.04.19-15.51.16:875][258]LogModuleManager: Shutting down and abandoning module UMG (70)
[2016.04.19-15.51.16:889][258]LogModuleManager: Shutting down and abandoning module Slate (69)
[2016.04.19-15.51.16:889][258]LogModuleManager: Shutting down and abandoning module EditorStyle (68)
[2016.04.19-15.51.16:894][258]LogModuleManager: Shutting down and abandoning module SessionServices (67)
[2016.04.19-15.51.16:894][258]LogModuleManager: Shutting down and abandoning module SourceCodeAccess (66)
[2016.04.19-15.51.16:894][258]LogModuleManager: Shutting down and abandoning module HeadMountedDisplay (65)
[2016.04.19-15.51.16:894][258]LogModuleManager: Shutting down and abandoning module XAudio2 (64)
[2016.04.19-15.51.16:894][258]LogModuleManager: Shutting down and abandoning module Networking (63)
[2016.04.19-15.51.16:894][258]LogModuleManager: Shutting down and abandoning module Core (62)
[2016.04.19-15.51.16:894][258]LogModuleManager: Shutting down and abandoning module KismetCompiler (61)
[2016.04.19-15.51.16:894][258]LogModuleManager: Shutting down and abandoning module PhysXFormats (60)
[2016.04.19-15.51.16:931][258]LogModuleManager: Shutting down and abandoning module MeshUtilities (59)
[2016.04.19-15.51.16:954][258]LogModuleManager: Shutting down and abandoning module DerivedDataCache (58)
[2016.04.19-15.51.17:045][258]LogDerivedDataCache: Shutdown
[2016.04.19-15.51.17:045][258]LogModuleManager: Shutting down and abandoning module ShaderFormatOpenGL (57)
[2016.04.19-15.51.17:057][258]LogModuleManager: Shutting down and abandoning module ShaderFormatD3D (56)
[2016.04.19-15.51.17:076][258]LogModuleManager: Shutting down and abandoning module MetalShaderFormat (55)
[2016.04.19-15.51.17:089][258]LogModuleManager: Shutting down and abandoning module TextureFormatUncompressed (54)
[2016.04.19-15.51.17:089][258]LogModuleManager: Shutting down and abandoning module TextureFormatPVR (53)
[2016.04.19-15.51.17:103][258]LogModuleManager: Shutting down and abandoning module TextureFormatIntelISPCTexComp (52)
[2016.04.19-15.51.17:114][258]LogModuleManager: Shutting down and abandoning module TextureFormatDXT (51)
[2016.04.19-15.51.17:130][258]LogModuleManager: Shutting down and abandoning module ImageWrapper (50)
[2016.04.19-15.51.17:130][258]LogModuleManager: Shutting down and abandoning module TextureFormatASTC (49)
[2016.04.19-15.51.17:130][258]LogModuleManager: Shutting down and abandoning module TextureFormatAndroid (48)
[2016.04.19-15.51.17:131][258]LogModuleManager: Shutting down and abandoning module AudioFormatOpus (47)
[2016.04.19-15.51.17:146][258]LogModuleManager: Shutting down and abandoning module AudioFormatOgg (46)
[2016.04.19-15.51.17:166][258]LogModuleManager: Shutting down and abandoning module AudioFormatADPCM (45)
[2016.04.19-15.51.17:175][258]LogModuleManager: Shutting down and abandoning module LinuxTargetPlatform (44)
[2016.04.19-15.51.17:175][258]LogModuleManager: Shutting down and abandoning module LinuxServerTargetPlatform (43)
[2016.04.19-15.51.17:188][258]LogModuleManager: Shutting down and abandoning module LinuxNoEditorTargetPlatform (42)
[2016.04.19-15.51.17:197][258]LogModuleManager: Shutting down and abandoning module Messaging (41)
[2016.04.19-15.51.17:197][258]LogModuleManager: Shutting down and abandoning module IOSTargetPlatform (40)
[2016.04.19-15.51.17:197][258]LogModuleManager: Shutting down and abandoning module HTML5TargetPlatform (39)
[2016.04.19-15.51.17:197][258]LogModuleManager: Shutting down and abandoning module Android_PVRTCTargetPlatform (38)
[2016.04.19-15.51.17:197][258]LogModuleManager: Shutting down and abandoning module Android_MultiTargetPlatform (37)
[2016.04.19-15.51.17:197][258]LogModuleManager: Shutting down and abandoning module Android_ETC2TargetPlatform (36)
[2016.04.19-15.51.17:197][258]LogModuleManager: Shutting down and abandoning module Android_ETC1TargetPlatform (35)
[2016.04.19-15.51.17:197][258]LogModuleManager: Shutting down and abandoning module Android_DXTTargetPlatform (34)
[2016.04.19-15.51.17:197][258]LogModuleManager: Shutting down and abandoning module Android_ATCTargetPlatform (33)
[2016.04.19-15.51.17:197][258]LogModuleManager: Shutting down and abandoning module Android_ASTCTargetPlatform (32)
[2016.04.19-15.51.17:197][258]LogModuleManager: Shutting down and abandoning module AndroidTargetPlatform (31)
[2016.04.19-15.51.17:197][258]LogModuleManager: Shutting down and abandoning module WindowsTargetPlatform (30)
[2016.04.19-15.51.17:197][258]LogModuleManager: Shutting down and abandoning module WindowsServerTargetPlatform (29)
[2016.04.19-15.51.17:210][258]LogModuleManager: Shutting down and abandoning module WindowsNoEditorTargetPlatform (28)
[2016.04.19-15.51.17:219][258]LogModuleManager: Shutting down and abandoning module WindowsClientTargetPlatform (27)
[2016.04.19-15.51.17:231][258]LogModuleManager: Shutting down and abandoning module AllDesktopTargetPlatform (26)
[2016.04.19-15.51.17:231][258]LogModuleManager: Shutting down and abandoning module TargetPlatform (25)
[2016.04.19-15.51.17:231][258]LogModuleManager: Shutting down and abandoning module InputCore (24)
[2016.04.19-15.51.17:231][258]LogModuleManager: Shutting down and abandoning module Settings (23)
[2016.04.19-15.51.17:231][258]LogModuleManager: Shutting down and abandoning module OnlineSubsystem (19)
[2016.04.19-15.51.17:231][258]LogOnline:Display: STEAM: OnlineSubsystemSteam::Shutdown()
[2016.04.19-15.51.17:722][258]LogOnline:Display: Unloading online subsystem: STEAM
[2016.04.19-15.51.17:751][258]LogOnline:Display: STEAM: OnlineSubsystemSteam::Shutdown()
[2016.04.19-15.51.17:752][258]LogModuleManager: Shutting down and abandoning module HTTP (18)
[2016.04.19-15.51.17:752][258]LogModuleManager: Shutting down and abandoning module XMPP (17)
[2016.04.19-15.51.17:762][258]LogModuleManager: Shutting down and abandoning module OculusRift (16)
[2016.04.19-15.51.17:786][258]LogModuleManager: Shutting down and abandoning module ExampleDeviceProfileSelector (15)
[2016.04.19-15.51.17:786][258]LogModuleManager: Shutting down and abandoning module TextureCompressor (14)
[2016.04.19-15.51.17:800][258]LogModuleManager: Shutting down and abandoning module ShaderCore (13)
[2016.04.19-15.51.17:800][258]LogModuleManager: Shutting down and abandoning module Landscape (12)
[2016.04.19-15.51.17:800][258]LogModuleManager: Shutting down and abandoning module SlateRHIRenderer (11)
[2016.04.19-15.51.17:823][258]LogModuleManager: Shutting down and abandoning module OpenGLDrv (10)
[2016.04.19-15.51.17:837][258]LogModuleManager: Shutting down and abandoning module D3D11RHI (9)
[2016.04.19-15.51.17:837][258]LogModuleManager: Shutting down and abandoning module AnimGraphRuntime (8)
[2016.04.19-15.51.17:845][258]LogModuleManager: Shutting down and abandoning module Renderer (7)
[2016.04.19-15.51.17:845][258]LogModuleManager: Shutting down and abandoning module Engine (6)
[2016.04.19-15.51.17:845][258]LogModuleManager: Shutting down and abandoning module CoreUObject (5)
[2016.04.19-15.51.17:845][258]LogModuleManager: Shutting down and abandoning module NetworkFile (4)
[2016.04.19-15.51.17:876][258]LogModuleManager: Shutting down and abandoning module StreamingFile (3)
[2016.04.19-15.51.17:895][258]LogModuleManager: Shutting down and abandoning module SandboxFile (2)
[2016.04.19-15.51.17:909][258]LogModuleManager: Shutting down and abandoning module PakFile (1)
[2016.04.19-15.51.17:922][258]LogExit: Exiting.
[2016.04.19-15.51.17:937][258]Log file closed, 04/19/16 17:51:17
